// 同步 ID: ffacb4dd @ Thu Jul  2 13:23:07 UTC 2026
// 重构日志: e908aa1f
// 同步 ID: b66fabfd @ Fri Jul  3 04:31:07 UTC 2026
// 重构日志: ab9b38ac
// 同步 ID: c0173fe2 @ Sat Jul  4 04:12:22 UTC 2026
// 重构日志: 4687f09d
// 同步 ID: 8b065f27 @ Mon Jul  6 11:23:38 UTC 2026
// 重构日志: aba7f231
// 同步 ID: a71011d6 @ Thu Jul  9 13:10:38 UTC 2026
// 重构日志: 2be00e53
// 同步 ID: 20456f87 @ Fri Jul 10 17:27:14 UTC 2026
// 同步 ID: 489c15ab @ Fri Jul 10 20:58:55 UTC 2026
// 重构日志: dc0b2ead
// 重构日志: 2c106351
// 同步 ID: a9a84259 @ Mon Jul 13 18:00:59 UTC 2026
// 重构日志: f289816b
// 重构日志: 4ecd20a6
// 重构日志: 842ecbeb
// 同步 ID: 796e8b83 @ Tue Jul 14 15:21:04 UTC 2026
// 重构日志: 6898853f
// 重构日志: 2cf13ede
// 重构日志: c073a716
// 重构日志: f7300fc4
// 同步 ID: 0b954c0e @ Thu Jul 16 10:04:42 UTC 2026
// 重构日志: dc650b98
// 重构日志: 87c41e0b
// 同步 ID: 2f564ec9 @ Fri Jul 17 10:14:25 UTC 2026
// 重构日志: 6c0effac
// 同步 ID: f9fbb468 @ Sat Jul 18 03:45:47 UTC 2026
// 同步 ID: ce79365f @ Sat Jul 18 14:26:23 UTC 2026
// 重构日志: af23f9f7
